<?xml version="1.0" encoding="UTF-8"?>
<testng-results ignored="0" total="4" passed="4" failed="0" skipped="0">
  <reporter-output>
  </reporter-output>
  <suite started-at="2021-09-24T17:24:36 IST" name="Suite" finished-at="2021-09-24T17:24:54 IST" duration-ms="17899">
    <groups>
    </groups>
    <test started-at="2021-09-24T17:24:36 IST" name="testng" finished-at="2021-09-24T17:24:36 IST" duration-ms="152">
      <class name="loginTest.h">
        <test-method signature="f()[pri:0, instance:loginTest.h@63a65a25]" started-at="2021-09-24T17:24:36 IST" name="f" finished-at="2021-09-24T17:24:36 IST" duration-ms="36" status="PASS">
          <reporter-output>
          </reporter-output>
        </test-method> <!-- f -->
      </class> <!-- loginTest.h -->
    </test> <!-- testng -->
    <test started-at="2021-09-24T17:24:36 IST" name="testng1" finished-at="2021-09-24T17:24:36 IST" duration-ms="22">
      <class name="loginTest.NewTest">
        <test-method signature="invalidDataCheck()[pri:0, instance:loginTest.NewTest@418e7838]" started-at="2021-09-24T17:24:36 IST" name="invalidDataCheck" description="invalid test" finished-at="2021-09-24T17:24:36 IST" duration-ms="16" status="PASS">
          <reporter-output>
          </reporter-output>
        </test-method> <!-- invalidDataCheck -->
        <test-method signature="validDataCheck()[pri:0, instance:loginTest.NewTest@418e7838]" started-at="2021-09-24T17:24:36 IST" name="validDataCheck" description="valid test" finished-at="2021-09-24T17:24:36 IST" duration-ms="2" status="PASS">
          <reporter-output>
          </reporter-output>
        </test-method> <!-- validDataCheck -->
      </class> <!-- loginTest.NewTest -->
    </test> <!-- testng1 -->
    <test started-at="2021-09-24T17:24:36 IST" name="testng2" finished-at="2021-09-24T17:24:54 IST" duration-ms="17524">
      <class name="loginTest.udemyLogin">
        <test-method is-config="true" signature="beforeTest()[pri:0, instance:loginTest.udemyLogin@3f197a46]" started-at="2021-09-24T17:24:36 IST" name="beforeTest" finished-at="2021-09-24T17:24:40 IST" duration-ms="4112" status="PASS">
          <reporter-output>
          </reporter-output>
        </test-method> <!-- beforeTest -->
        <test-method signature="login()[pri:0, instance:loginTest.udemyLogin@3f197a46]" started-at="2021-09-24T17:24:40 IST" name="login" finished-at="2021-09-24T17:24:51 IST" duration-ms="10461" status="PASS">
          <reporter-output>
          </reporter-output>
        </test-method> <!-- login -->
        <test-method is-config="true" signature="afterTest()[pri:0, instance:loginTest.udemyLogin@3f197a46]" started-at="2021-09-24T17:24:51 IST" name="afterTest" finished-at="2021-09-24T17:24:54 IST" duration-ms="2944" status="PASS">
          <reporter-output>
          </reporter-output>
        </test-method> <!-- afterTest -->
      </class> <!-- loginTest.udemyLogin -->
    </test> <!-- testng2 -->
  </suite> <!-- Suite -->
</testng-results>
